<?xml version="1.0" encoding="UTF-8"?>
<!-- Generated by org.testng.reporters.JUnitReportReporter -->
<testsuite skipped="0" hostname="Satishs-MacBook-Air.local" name="co.morsum.testcases.SupplierProductCheck" tests="1" failures="0" timestamp="26 Jul 2022 12:57:57 GMT" time="70.734" errors="0">
  <testcase name="supplierProductCheck" time="70.734" classname="co.morsum.testcases.SupplierProductCheck"/>
</testsuite> <!-- co.morsum.testcases.SupplierProductCheck -->
